This is pdfTeX, Version 3.14159265-2.6-1.40.16 (TeX Live 2015) (preloaded format=pdflatex 2015.5.24)  15 MAY 2017 16:19
entering extended mode
 restricted \write18 enabled.
 %&-line parsing enabled.
**96samples_qc.tex
(./96samples_qc.tex
LaTeX2e <2015/01/01>
Babel <3.9l> and hyphenation patterns for 79 languages loaded.
(/usr/local/texlive/2015/texmf-dist/tex/latex/base/article.cls
Document Class: article 2014/09/29 v1.4h Standard LaTeX document class
(/usr/local/texlive/2015/texmf-dist/tex/latex/base/size10.clo
File: size10.clo 2014/09/29 v1.4h Standard LaTeX file (size option)
)
\c@part=\count79
\c@section=\count80
\c@subsection=\count81
\c@subsubsection=\count82
\c@paragraph=\count83
\c@subparagraph=\count84
\c@figure=\count85
\c@table=\count86
\abovecaptionskip=\skip41
\belowcaptionskip=\skip42
\bibindent=\dimen102
)
(/usr/local/texlive/2015/texmf-dist/tex/latex/graphics/graphicx.sty
Package: graphicx 2014/10/28 v1.0g Enhanced LaTeX Graphics (DPC,SPQR)

(/usr/local/texlive/2015/texmf-dist/tex/latex/graphics/keyval.sty
Package: keyval 2014/10/28 v1.15 key=value parser (DPC)
\KV@toks@=\toks14
)
(/usr/local/texlive/2015/texmf-dist/tex/latex/graphics/graphics.sty
Package: graphics 2014/10/28 v1.0p Standard LaTeX Graphics (DPC,SPQR)

(/usr/local/texlive/2015/texmf-dist/tex/latex/graphics/trig.sty
Package: trig 1999/03/16 v1.09 sin cos tan (DPC)
)
(/usr/local/texlive/2015/texmf-dist/tex/latex/latexconfig/graphics.cfg
File: graphics.cfg 2010/04/23 v1.9 graphics configuration of TeX Live
)
Package graphics Info: Driver file: pdftex.def on input line 94.

(/usr/local/texlive/2015/texmf-dist/tex/latex/pdftex-def/pdftex.def
File: pdftex.def 2011/05/27 v0.06d Graphics/color for pdfTeX

(/usr/local/texlive/2015/texmf-dist/tex/generic/oberdiek/infwarerr.sty
Package: infwarerr 2010/04/08 v1.3 Providing info/warning/error messages (HO)
)
(/usr/local/texlive/2015/texmf-dist/tex/generic/oberdiek/ltxcmds.sty
Package: ltxcmds 2011/11/09 v1.22 LaTeX kernel commands for general use (HO)
)
\Gread@gobject=\count87
))
\Gin@req@height=\dimen103
\Gin@req@width=\dimen104
)
(/usr/local/texlive/2015/texmf-dist/tex/latex/graphics/color.sty
Package: color 2014/10/28 v1.1a Standard LaTeX Color (DPC)

(/usr/local/texlive/2015/texmf-dist/tex/latex/latexconfig/color.cfg
File: color.cfg 2007/01/18 v1.5 color configuration of teTeX/TeXLive
)
Package color Info: Driver file: pdftex.def on input line 142.
)
(/usr/local/texlive/2015/texmf-dist/tex/latex/framed/framed.sty
Package: framed 2011/10/22 v 0.96: framed or shaded text with page breaks
\OuterFrameSep=\skip43
\fb@frw=\dimen105
\fb@frh=\dimen106
\FrameRule=\dimen107
\FrameSep=\dimen108
)
(/usr/local/texlive/2015/texmf-dist/tex/latex/base/alltt.sty
Package: alltt 1997/06/16 v2.0g defines alltt environment
)
(/usr/local/texlive/2015/texmf-dist/tex/latex/upquote/upquote.sty
Package: upquote 2012/04/19 v1.3 upright-quote and grave-accent glyphs in verba
tim
)
(./96samples_qc.aux)
\openout1 = `96samples_qc.aux'.

LaTeX Font Info:    Checking defaults for OML/cmm/m/it on input line 60.
LaTeX Font Info:    ... okay on input line 60.
LaTeX Font Info:    Checking defaults for T1/cmr/m/n on input line 60.
LaTeX Font Info:    ... okay on input line 60.
LaTeX Font Info:    Checking defaults for OT1/cmr/m/n on input line 60.
LaTeX Font Info:    ... okay on input line 60.
LaTeX Font Info:    Checking defaults for OMS/cmsy/m/n on input line 60.
LaTeX Font Info:    ... okay on input line 60.
LaTeX Font Info:    Checking defaults for OMX/cmex/m/n on input line 60.
LaTeX Font Info:    ... okay on input line 60.
LaTeX Font Info:    Checking defaults for U/cmr/m/n on input line 60.
LaTeX Font Info:    ... okay on input line 60.

(/usr/local/texlive/2015/texmf-dist/tex/context/base/supp-pdf.mkii
[Loading MPS to PDF converter (version 2006.09.02).]
\scratchcounter=\count88
\scratchdimen=\dimen109
\scratchbox=\box26
\nofMPsegments=\count89
\nofMParguments=\count90
\everyMPshowfont=\toks15
\MPscratchCnt=\count91
\MPscratchDim=\dimen110
\MPnumerator=\count92
\makeMPintoPDFobject=\count93
\everyMPtoPDFconversion=\toks16
) (/usr/local/texlive/2015/texmf-dist/tex/generic/oberdiek/pdftexcmds.sty
Package: pdftexcmds 2011/11/29 v0.20 Utility functions of pdfTeX for LuaTeX (HO
)

(/usr/local/texlive/2015/texmf-dist/tex/generic/oberdiek/ifluatex.sty
Package: ifluatex 2010/03/01 v1.3 Provides the ifluatex switch (HO)
Package ifluatex Info: LuaTeX not detected.
)
(/usr/local/texlive/2015/texmf-dist/tex/generic/oberdiek/ifpdf.sty
Package: ifpdf 2011/01/30 v2.3 Provides the ifpdf switch (HO)
Package ifpdf Info: pdfTeX in PDF mode is detected.
)
Package pdftexcmds Info: LuaTeX not detected.
Package pdftexcmds Info: \pdf@primitive is available.
Package pdftexcmds Info: \pdf@ifprimitive is available.
Package pdftexcmds Info: \pdfdraftmode found.
)
(/usr/local/texlive/2015/texmf-dist/tex/latex/oberdiek/epstopdf-base.sty
Package: epstopdf-base 2010/02/09 v2.5 Base part for package epstopdf

(/usr/local/texlive/2015/texmf-dist/tex/latex/oberdiek/grfext.sty
Package: grfext 2010/08/19 v1.1 Manage graphics extensions (HO)

(/usr/local/texlive/2015/texmf-dist/tex/generic/oberdiek/kvdefinekeys.sty
Package: kvdefinekeys 2011/04/07 v1.3 Define keys (HO)
))
(/usr/local/texlive/2015/texmf-dist/tex/latex/oberdiek/kvoptions.sty
Package: kvoptions 2011/06/30 v3.11 Key value format for package options (HO)

(/usr/local/texlive/2015/texmf-dist/tex/generic/oberdiek/kvsetkeys.sty
Package: kvsetkeys 2012/04/25 v1.16 Key value parser (HO)

(/usr/local/texlive/2015/texmf-dist/tex/generic/oberdiek/etexcmds.sty
Package: etexcmds 2011/02/16 v1.5 Avoid name clashes with e-TeX commands (HO)
Package etexcmds Info: Could not find \expanded.
(etexcmds)             That can mean that you are not using pdfTeX 1.50 or
(etexcmds)             that some package has redefined \expanded.
(etexcmds)             In the latter case, load this package earlier.
)))
Package grfext Info: Graphics extension search list:
(grfext)             [.png,.pdf,.jpg,.mps,.jpeg,.jbig2,.jb2,.PNG,.PDF,.JPG,.JPE
G,.JBIG2,.JB2,.eps]
(grfext)             \AppendGraphicsExtensions on input line 452.

(/usr/local/texlive/2015/texmf-dist/tex/latex/latexconfig/epstopdf-sys.cfg
File: epstopdf-sys.cfg 2010/07/13 v1.3 Configuration of (r)epstopdf for TeX Liv
e
))
LaTeX Font Info:    External font `cmex10' loaded for size
(Font)              <12> on input line 65.
LaTeX Font Info:    External font `cmex10' loaded for size
(Font)              <8> on input line 65.
LaTeX Font Info:    External font `cmex10' loaded for size
(Font)              <6> on input line 65.

(./96samples_qc.toc
LaTeX Font Info:    External font `cmex10' loaded for size
(Font)              <7> on input line 3.
LaTeX Font Info:    External font `cmex10' loaded for size
(Font)              <5> on input line 3.
)
\tf@toc=\write3
\openout3 = `96samples_qc.toc'.


Overfull \vbox (21.68121pt too high) has occurred while \output is active []


[1

{/usr/local/texlive/2015/texmf-var/fonts/map/pdftex/updmap/pdftex.map}]
LaTeX Font Info:    Try loading font information for OMS+cmr on input line 73.

(/usr/local/texlive/2015/texmf-dist/tex/latex/base/omscmr.fd
File: omscmr.fd 2014/09/29 v2.5h Standard LaTeX font definitions
)
LaTeX Font Info:    Font shape `OMS/cmr/m/n' in size <10> not available
(Font)              Font shape `OMS/cmsy/m/n' tried instead on input line 73.

Underfull \hbox (badness 10000) in paragraph at lines 80--82

 []


Underfull \hbox (badness 10000) in paragraph at lines 83--88

 []


Underfull \hbox (badness 10000) in paragraph at lines 83--88

 []


Underfull \hbox (badness 10000) in paragraph at lines 83--88

 []


Underfull \hbox (badness 10000) in paragraph at lines 83--88

 []


Overfull \hbox (3.42229pt too wide) in paragraph at lines 83--88
[]\OT1/cmtt/m/n/10 plink --bfile 8samples --bmerge extract.bed extract.bim extr
act.fam --recode --out new 
 []

Package color Info: Redefining color shadecolor on input line 91.

Overfull \vbox (21.68121pt too high) has occurred while \output is active []


[2]
LaTeX Font Info:    Font shape `OT1/cmtt/bx/n' in size <10> not available
(Font)              Font shape `OT1/cmtt/m/n' tried instead on input line 93.
Package color Info: Redefining color shadecolor on input line 109.

Underfull \hbox (badness 10000) in paragraph at lines 105--109

 []


Underfull \hbox (badness 10000) in paragraph at lines 105--109

 []

Package color Info: Redefining color shadecolor on input line 127.
Package color Info: Redefining color shadecolor on input line 142.

Underfull \hbox (badness 10000) in paragraph at lines 136--142

 []


Underfull \hbox (badness 10000) in paragraph at lines 136--142

 []


Underfull \hbox (badness 10000) in paragraph at lines 136--142

 []


Underfull \hbox (badness 10000) in paragraph at lines 136--142

 []


Overfull \vbox (21.68121pt too high) has occurred while \output is active []


[3]
LaTeX Font Info:    Try loading font information for OMS+cmtt on input line 159
.
 (/Library/Frameworks/R.framework/Resources/share/texmf/tex/latex/omscmtt.fd
File: omscmtt.fd 
)
LaTeX Font Info:    Font shape `OMS/cmtt/m/n' in size <10> not available
(Font)              Font shape `OMS/cmsy/m/n' tried instead on input line 159.
Package color Info: Redefining color shadecolor on input line 183.
Package color Info: Redefining color shadecolor on input line 204.

Underfull \hbox (badness 10000) in paragraph at lines 198--204

 []


Underfull \hbox (badness 10000) in paragraph at lines 198--204

 []


Underfull \hbox (badness 10000) in paragraph at lines 198--204

 []


Underfull \hbox (badness 10000) in paragraph at lines 198--204

 []


Overfull \vbox (21.68121pt too high) has occurred while \output is active []


[4]
Package color Info: Redefining color shadecolor on input line 232.

Overfull \vbox (21.68121pt too high) has occurred while \output is active []


[5]
Package color Info: Redefining color shadecolor on input line 259.

Underfull \hbox (badness 10000) in paragraph at lines 268--270

 []

Package color Info: Redefining color shadecolor on input line 277.

Underfull \hbox (badness 10000) in paragraph at lines 273--277

 []


Overfull \vbox (21.68121pt too high) has occurred while \output is active []


[6]
Missing character: There is no â in font cmtt10!
Missing character: There is no € in font cmtt10!
Missing character: There is no “ in font cmtt10!

Underfull \hbox (badness 10000) in paragraph at lines 312--314

 []


Underfull \hbox (badness 10000) in paragraph at lines 312--314

 []


Overfull \vbox (21.68121pt too high) has occurred while \output is active []


[7]
</Users/chenchun-yu/QC/test/sex_distribution.pdf, id=35, 505.89pt x 505.89pt>
File: /Users/chenchun-yu/QC/test/sex_distribution.pdf Graphic file (type pdf)

<use /Users/chenchun-yu/QC/test/sex_distribution.pdf>
Package pdftex.def Info: /Users/chenchun-yu/QC/test/sex_distribution.pdf used o
n input line 320.
(pdftex.def)             Requested size: 268.847pt x 268.85374pt.

Overfull \vbox (21.68121pt too high) has occurred while \output is active []


[8 </Users/chenchun-yu/QC/test/sex_distribution.pdf>] (./table1.tex)
(./table4.tex)
</Users/chenchun-yu/QC/test/imiss-vs-het.pdf, id=46, 505.89pt x 505.89pt>
File: /Users/chenchun-yu/QC/test/imiss-vs-het.pdf Graphic file (type pdf)

<use /Users/chenchun-yu/QC/test/imiss-vs-het.pdf>
Package pdftex.def Info: /Users/chenchun-yu/QC/test/imiss-vs-het.pdf used on in
put line 330.
(pdftex.def)             Requested size: 268.847pt x 268.85374pt.
Missing character: There is no â in font cmr10!
Missing character: There is no ‰ in font cmr10!
Missing character: There is no ¥ in font cmr10!
Missing character: There is no Â in font cmr10!
Missing character: There is no ± in font cmr10!
Missing character: There is no â in font cmr10!
Missing character: There is no ‰ in font cmr10!
Missing character: There is no ¥ in font cmr10!
Missing character: There is no Â in font cmr10!
Missing character: There is no ± in font cmr10!


LaTeX Warning: `h' float specifier changed to `ht'.


Overfull \vbox (21.68121pt too high) has occurred while \output is active []


[9] (./table2.tex)
</Users/chenchun-yu/QC/test/ibd.pdf, id=50, 505.89pt x 505.89pt>
File: /Users/chenchun-yu/QC/test/ibd.pdf Graphic file (type pdf)

<use /Users/chenchun-yu/QC/test/ibd.pdf>
Package pdftex.def Info: /Users/chenchun-yu/QC/test/ibd.pdf used on input line 
339.
(pdftex.def)             Requested size: 268.847pt x 268.85374pt.


LaTeX Warning: `h' float specifier changed to `ht'.


Overfull \vbox (21.68121pt too high) has occurred while \output is active []


[10 </Users/chenchun-yu/QC/test/imiss-vs-het.pdf>] (./table5.tex)
Overfull \vbox (21.68121pt too high) has occurred while \output is active []


[11 </Users/chenchun-yu/QC/test/ibd.pdf>]
</Users/chenchun-yu/QC/test/hist_missing_geno.pdf, id=70, 505.89pt x 505.89pt>
File: /Users/chenchun-yu/QC/test/hist_missing_geno.pdf Graphic file (type pdf)

<use /Users/chenchun-yu/QC/test/hist_missing_geno.pdf>
Package pdftex.def Info: /Users/chenchun-yu/QC/test/hist_missing_geno.pdf used 
on input line 349.
(pdftex.def)             Requested size: 268.847pt x 268.85374pt.
Missing character: There is no â in font cmr10!
Missing character: There is no € in font cmr10!
Missing character: There is no ˜ in font cmr10!
Missing character: There is no â in font cmr10!
Missing character: There is no € in font cmr10!
Missing character: There is no ™ in font cmr10!
Missing character: There is no â in font cmr10!
Missing character: There is no € in font cmr10!
Missing character: There is no ˜ in font cmr10!
Missing character: There is no â in font cmr10!
Missing character: There is no € in font cmr10!
Missing character: There is no ™ in font cmr10!

Overfull \vbox (21.68121pt too high) has occurred while \output is active []


[12 </Users/chenchun-yu/QC/test/hist_missing_geno.pdf>]
</Users/chenchun-yu/QC/test/pie_missing_geno.pdf, id=80, 505.89pt x 505.89pt>
File: /Users/chenchun-yu/QC/test/pie_missing_geno.pdf Graphic file (type pdf)

<use /Users/chenchun-yu/QC/test/pie_missing_geno.pdf>
Package pdftex.def Info: /Users/chenchun-yu/QC/test/pie_missing_geno.pdf used o
n input line 355.
(pdftex.def)             Requested size: 268.847pt x 268.85374pt.
LaTeX Font Info:    Try loading font information for OML+cmr on input line 357.


(/usr/local/texlive/2015/texmf-dist/tex/latex/base/omlcmr.fd
File: omlcmr.fd 2014/09/29 v2.5h Standard LaTeX font definitions
)
LaTeX Font Info:    Font shape `OML/cmr/m/n' in size <10> not available
(Font)              Font shape `OML/cmm/m/it' tried instead on input line 357.

Overfull \vbox (21.68121pt too high) has occurred while \output is active []


[13 </Users/chenchun-yu/QC/test/pie_missing_geno.pdf>] (./96samples_qc.aux) ) 
Here is how much of TeX's memory you used:
 1726 strings out of 493089
 25892 string characters out of 6134842
 93163 words of memory out of 5000000
 5173 multiletter control sequences out of 15000+600000
 8231 words of font info for 30 fonts, out of 8000000 for 9000
 1141 hyphenation exceptions out of 8191
 38i,8n,23p,576b,279s stack positions out of 5000i,500n,10000p,200000b,80000s
</
usr/local/texlive/2015/texmf-dist/fonts/type1/public/amsfonts/cm/cmbx10.pfb></u
sr/local/texlive/2015/texmf-dist/fonts/type1/public/amsfonts/cm/cmbx12.pfb></us
r/local/texlive/2015/texmf-dist/fonts/type1/public/amsfonts/cm/cmitt10.pfb></us
r/local/texlive/2015/texmf-dist/fonts/type1/public/amsfonts/cm/cmmi10.pfb></usr
/local/texlive/2015/texmf-dist/fonts/type1/public/amsfonts/cm/cmr10.pfb></usr/l
ocal/texlive/2015/texmf-dist/fonts/type1/public/amsfonts/cm/cmr12.pfb></usr/loc
al/texlive/2015/texmf-dist/fonts/type1/public/amsfonts/cm/cmr17.pfb></usr/local
/texlive/2015/texmf-dist/fonts/type1/public/amsfonts/cm/cmr7.pfb></usr/local/te
xlive/2015/texmf-dist/fonts/type1/public/amsfonts/cm/cmsy10.pfb></usr/local/tex
live/2015/texmf-dist/fonts/type1/public/amsfonts/cm/cmtt10.pfb>
Output written on 96samples_qc.pdf (13 pages, 177903 bytes).
PDF statistics:
 123 PDF objects out of 1000 (max. 8388607)
 87 compressed objects within 1 object stream
 0 named destinations out of 1000 (max. 500000)
 26 words of extra memory for PDF output out of 10000 (max. 10000000)

